Arguments: 
  /usr/bin/node /usr/share/yarn/bin/yarn.js update

PATH: 
  /home/sumai/.rbenv/versions/2.4.3/bin:/home/sumai/.rbenv/libexec:/home/sumai/.rbenv/plugins/ruby-build/bin:./bin:./node_modules/.bin:/home/sumai/.rbenv/shims:/home/sumai/.rbenv/bin:/home/sumai/bin:/home/sumai/.local/bin:/usr/local/sbin:/usr/local/bin:/usr/sbin:/usr/bin:/sbin:/bin:/usr/games:/usr/local/games:/snap/bin:/usr/local/sbin

Yarn version: 
  1.5.1

Node version: 
  8.9.4

Platform: 
  linux x64

npm manifest: 
  No manifest

yarn manifest: 
  No manifest

Lockfile: 
  # THIS IS AN AUTOGENERATED FILE. DO NOT EDIT THIS FILE DIRECTLY.
  # yarn lockfile v1

Trace: 
  Error: Couldn't find a package.json file in "/home/sumai/code/SumaiK/final/Code-with-us"
      at new MessageError (/usr/share/yarn/lib/cli.js:186:110)
      at /usr/share/yarn/lib/cli.js:40048:15
      at Generator.next (<anonymous>)
      at step (/usr/share/yarn/lib/cli.js:98:30)
      at /usr/share/yarn/lib/cli.js:109:13
      at <anonymous>
